[0m19:06:38.686573 [debug] [MainThread]: Sending event: {'category': 'dbt', 'action': 'invocation', 'label': 'start', 'context': [<snowplow_tracker.self_describing_json.SelfDescribingJson object at 0x7fb558b54b30>, <snowplow_tracker.self_describing_json.SelfDescribingJson object at 0x7fb55b34b020>, <snowplow_tracker.self_describing_json.SelfDescribingJson object at 0x7fb5588a7860>]}


============================== 19:06:38.757018 | 027aa828-2e35-46af-84aa-09af0b833da1 ==============================
[0m19:06:38.757018 [info ] [MainThread]: Running with dbt=1.11.6
[0m19:06:38.760364 [debug] [MainThread]: running dbt with arguments {'partial_parse': 'True', 'target_path': 'None', 'use_experimental_parser': 'False', 'introspect': 'True', 'use_colors': 'True', 'quiet': 'False', 'write_json': 'True', 'log_format': 'default', 'fail_fast': 'False', 'invocation_command': 'dbt init', 'empty': 'None', 'cache_selected_only': 'False', 'no_print': 'None', 'warn_error': 'None', 'send_anonymous_usage_stats': 'True', 'warn_error_options': 'WarnErrorOptionsV2(error=[], warn=[], silence=[])', 'log_path': 'logs', 'version_check': 'True', 'static_parser': 'True', 'log_cache_events': 'False', 'debug': 'False', 'indirect_selection': 'eager', 'printer_width': '80', 'profiles_dir': '/home/codespace/.dbt'}
[0m19:06:38.814717 [info ] [MainThread]: Creating dbt configuration folder at /home/codespace/.dbt
[0m19:08:05.060346 [debug] [MainThread]: Starter project path: /workspaces/Data-engineering/Airbnb_Snowflake_DBT_Data_Engineer_Project/.venv/lib/python3.12/site-packages/dbt/include/starter_project
[0m19:08:05.064404 [info ] [MainThread]: 
Your new dbt project "aws_dbt_snowflake_project" was created!

For more information on how to configure the profiles.yml file,
please consult the dbt documentation here:

  https://docs.getdbt.com/docs/configure-your-profile

One more thing:

Need help? Don't hesitate to reach out to us via GitHub issues or on Slack:

  https://community.getdbt.com/

Happy modeling!

[0m19:08:05.065350 [info ] [MainThread]: Setting up your profile.
[0m19:08:29.698810 [debug] [MainThread]: Snowflake adapter: Setting snowflake.connector to ERROR (file logging only)
[0m19:08:29.699927 [debug] [MainThread]: Snowflake adapter: Setting botocore to ERROR (file logging only)
[0m19:08:29.700767 [debug] [MainThread]: Snowflake adapter: Setting boto3 to ERROR (file logging only)
[0m19:14:03.517299 [info ] [MainThread]: Profile aws_dbt_snowflake_project written to /home/codespace/.dbt/profiles.yml using target's profile_template.yml and your supplied values. Run 'dbt debug' to validate the connection.
[0m19:14:03.520687 [debug] [MainThread]: Resource report: {"command_name": "init", "command_success": true, "command_wall_clock_time": 444.8945, "process_in_blocks": "17760", "process_kernel_time": 0.362363, "process_mem_max_rss": "138972", "process_out_blocks": "47224", "process_user_time": 4.104134}
[0m19:14:03.522318 [debug] [MainThread]: Command `dbt init` succeeded at 19:14:03.522107 after 444.90 seconds
[0m19:14:03.523176 [debug] [MainThread]: Sending event: {'category': 'dbt', 'action': 'invocation', 'label': 'end', 'context': [<snowplow_tracker.self_describing_json.SelfDescribingJson object at 0x7fb556a5c6e0>, <snowplow_tracker.self_describing_json.SelfDescribingJson object at 0x7fb556a60950>, <snowplow_tracker.self_describing_json.SelfDescribingJson object at 0x7fb557a41df0>]}
[0m19:14:03.523948 [debug] [MainThread]: Flushing usage events
[0m19:14:03.960427 [debug] [MainThread]: An error was encountered while trying to flush usage events
